

Version:	3.50
CmdLine:	C:\Users\INKA\PharmacyManagementSystemJavaFX\PharmacyManagementSystem\dist\Project App Pharmacy.exe --l4j-debug
JNI:		No
WOW64:		Yes
Create mutex:	Project App Pharmacy
Working dir:	C:\Users\INKA\PharmacyManagementSystemJavaFX\PharmacyManagementSystem\dist\.
Requires JDK:	No
Requires 64-Bit: No
Java min ver:	1.007.000
Java max ver:	1.008.000
JRE paths:	\jre-1.8
Check launcher:	\jre-1.8\bin\javaw.exe (not found)
64-bit search:	SOFTWARE\JavaSoft\Java Runtime Environment...
32-bit search:	SOFTWARE\JavaSoft\Java Runtime Environment...
64-bit search:	SOFTWARE\JavaSoft\Java Development Kit...
32-bit search:	SOFTWARE\JavaSoft\Java Development Kit...
64-bit search:	SOFTWARE\JavaSoft\JRE...
32-bit search:	SOFTWARE\JavaSoft\JRE...
64-bit search:	SOFTWARE\JavaSoft\JDK...
Check:		SOFTWARE\JavaSoft\JDK\17.0.10
Version string: 1.017.000_010 / 64-Bit (Ignore)
Ignore:		1.017.000_010
Check:		SOFTWARE\JavaSoft\JDK\21.0.2
Version string: 1.021.000_002 / 64-Bit (Ignore)
Ignore:		1.021.000_002
32-bit search:	SOFTWARE\JavaSoft\JDK...
64-bit search:	SOFTWARE\IBM\Java Runtime Environment...
32-bit search:	SOFTWARE\IBM\Java Runtime Environment...
64-bit search:	SOFTWARE\IBM\Java Development Kit...
32-bit search:	SOFTWARE\IBM\Java Development Kit...
64-bit search:	SOFTWARE\IBM\Java2 Runtime Environment...
32-bit search:	SOFTWARE\IBM\Java2 Runtime Environment...
64-bit search:	SOFTWARE\IBM\Java Development Kit...
32-bit search:	SOFTWARE\IBM\Java Development Kit...
Error msg:	This application requires a Java Runtime Environment 1.7.0 - 1.8.0


Version:	3.50
CmdLine:	C:\Users\INKA\PharmacyManagementSystemJavaFX\PharmacyManagementSystem\dist\ProjectAppPharmacy.exe --l4j-debug
JNI:		No
WOW64:		Yes
Create mutex:	Project App Pharmacy
Working dir:	C:\Users\INKA\PharmacyManagementSystemJavaFX\PharmacyManagementSystem\dist\.
Requires JDK:	No
Requires 64-Bit: No
Java min ver:	1.007.000
Java max ver:	1.008.000
JRE paths:	\jre-1.8
Check launcher:	\jre-1.8\bin\javaw.exe (not found)
64-bit search:	SOFTWARE\JavaSoft\Java Runtime Environment...
32-bit search:	SOFTWARE\JavaSoft\Java Runtime Environment...
64-bit search:	SOFTWARE\JavaSoft\Java Development Kit...
32-bit search:	SOFTWARE\JavaSoft\Java Development Kit...
64-bit search:	SOFTWARE\JavaSoft\JRE...
32-bit search:	SOFTWARE\JavaSoft\JRE...
64-bit search:	SOFTWARE\JavaSoft\JDK...
Check:		SOFTWARE\JavaSoft\JDK\17.0.10
Version string: 1.017.000_010 / 64-Bit (Ignore)
Ignore:		1.017.000_010
Check:		SOFTWARE\JavaSoft\JDK\21.0.2
Version string: 1.021.000_002 / 64-Bit (Ignore)
Ignore:		1.021.000_002
32-bit search:	SOFTWARE\JavaSoft\JDK...
64-bit search:	SOFTWARE\IBM\Java Runtime Environment...
32-bit search:	SOFTWARE\IBM\Java Runtime Environment...
64-bit search:	SOFTWARE\IBM\Java Development Kit...
32-bit search:	SOFTWARE\IBM\Java Development Kit...
64-bit search:	SOFTWARE\IBM\Java2 Runtime Environment...
32-bit search:	SOFTWARE\IBM\Java2 Runtime Environment...
64-bit search:	SOFTWARE\IBM\Java Development Kit...
32-bit search:	SOFTWARE\IBM\Java Development Kit...
Error msg:	This application requires a Java Runtime Environment 1.7.0 - 1.8.0
